<?xml version="1.0" encoding="UTF-8"?>
<testng-results ignored="0" total="1" passed="1" failed="0" skipped="0">
  <reporter-output>
  </reporter-output>
  <suite started-at="2025-09-07T20:36:15 WIB" name="Suite" finished-at="2025-09-07T20:36:18 WIB" duration-ms="3353">
    <groups>
    </groups>
    <test started-at="2025-09-07T20:36:15 WIB" name="UI Tests" finished-at="2025-09-07T20:36:18 WIB" duration-ms="3353">
      <class name="tests.ExampleTest">
        <test-method is-config="true" signature="setUp()[pri:0, instance:tests.ExampleTest@436813f3]" started-at="2025-09-07T20:36:15 WIB" name="setUp" finished-at="2025-09-07T20:36:18 WIB" duration-ms="2635" status="PASS">
          <reporter-output>
          </reporter-output>
        </test-method> <!-- setUp -->
        <test-method signature="pageTitleShouldContainExample()[pri:0, instance:tests.ExampleTest@436813f3]" started-at="2025-09-07T20:36:18 WIB" name="pageTitleShouldContainExample" finished-at="2025-09-07T20:36:18 WIB" duration-ms="381" status="PASS">
          <reporter-output>
          </reporter-output>
        </test-method> <!-- pageTitleShouldContainExample -->
        <test-method is-config="true" signature="tearDown()[pri:0, instance:tests.ExampleTest@436813f3]" started-at="2025-09-07T20:36:18 WIB" name="tearDown" finished-at="2025-09-07T20:36:18 WIB" duration-ms="291" status="PASS">
          <reporter-output>
          </reporter-output>
        </test-method> <!-- tearDown -->
      </class> <!-- tests.ExampleTest -->
    </test> <!-- UI Tests -->
  </suite> <!-- Suite -->
</testng-results>
